2021-06-29 13:50:32,450:INFO:Initializing load_model()
2021-06-29 13:50:32,450:INFO:load_model(model_name=mlmodel, platform=None, authentication=None, verbose=True)
2021-06-29 13:50:37,241:INFO:Initializing load_model()
2021-06-29 13:50:37,242:INFO:load_model(model_name=mlmodel, platform=None, authentication=None, verbose=True)
2021-06-29 13:50:37,519:INFO:Initializing predict_model()
2021-06-29 13:50:37,520:INFO:predict_model(estimator=Pipeline(steps=[('dtypes',
                 DataTypes_Auto_infer(ml_usecase='classification',
                                      target='class')),
                ('imputer',
                 Simple_Imputer(categorical_strategy='not_available',
                                fill_value_categorical=None,
                                fill_value_numerical=None,
                                numeric_strategy='mean',
                                target_variable=None)),
                ('new_levels1',
                 New_Catagorical_Levels_in_TestData(replacement_strategy='least '
                                                                         'frequent',
                                                    targe...
                ('rem_outliers', 'passthrough'), ('cluster_all', 'passthrough'),
                ('dummy', Dummify(target='class')),
                ('fix_perfect', Remove_100(target='class')),
                ('clean_names', Clean_Colum_Names()),
                ('feature_select', 'passthrough'), ('fix_multi', 'passthrough'),
                ('dfs', 'passthrough'), ('pca', 'passthrough'),
                ['trained_model',
                 RandomForestClassifier(n_jobs=-1, random_state=4203)]]), probability_threshold=None, encoded_labels=False, raw_score=False, round=4, verbose=True, ml_usecase=MLUsecase.CLASSIFICATION, display=None)
2021-06-29 13:50:37,520:INFO:Checking exceptions
2021-06-29 13:50:37,521:INFO:Preloading libraries
2021-07-01 16:20:48,538:INFO:Initializing load_model()
2021-07-01 16:20:48,539:INFO:load_model(model_name=mlmodel, platform=None, authentication=None, verbose=True)
2021-07-01 16:21:03,312:INFO:Initializing load_model()
2021-07-01 16:21:03,314:INFO:load_model(model_name=mlmodel, platform=None, authentication=None, verbose=True)
2021-07-01 16:21:06,724:INFO:Initializing load_model()
2021-07-01 16:21:06,726:INFO:load_model(model_name=mlmodel, platform=None, authentication=None, verbose=True)
2021-07-01 16:21:10,423:INFO:Initializing load_model()
2021-07-01 16:21:10,424:INFO:load_model(model_name=mlmodel, platform=None, authentication=None, verbose=True)
2021-07-01 16:21:14,234:INFO:Initializing load_model()
2021-07-01 16:21:14,236:INFO:load_model(model_name=mlmodel, platform=None, authentication=None, verbose=True)
2021-07-01 16:21:14,781:INFO:Initializing predict_model()
2021-07-01 16:21:14,782:INFO:predict_model(estimator=Pipeline(steps=[('dtypes',
                 DataTypes_Auto_infer(ml_usecase='classification',
                                      target='class')),
                ('imputer',
                 Simple_Imputer(categorical_strategy='not_available',
                                fill_value_categorical=None,
                                fill_value_numerical=None,
                                numeric_strategy='mean',
                                target_variable=None)),
                ('new_levels1',
                 New_Catagorical_Levels_in_TestData(replacement_strategy='least '
                                                                         'frequent',
                                                    targe...
                ('rem_outliers', 'passthrough'), ('cluster_all', 'passthrough'),
                ('dummy', Dummify(target='class')),
                ('fix_perfect', Remove_100(target='class')),
                ('clean_names', Clean_Colum_Names()),
                ('feature_select', 'passthrough'), ('fix_multi', 'passthrough'),
                ('dfs', 'passthrough'), ('pca', 'passthrough'),
                ['trained_model',
                 RandomForestClassifier(n_jobs=-1, random_state=4203)]]), probability_threshold=None, encoded_labels=False, raw_score=False, round=4, verbose=True, ml_usecase=MLUsecase.CLASSIFICATION, display=None)
2021-07-01 16:21:14,782:INFO:Checking exceptions
2021-07-01 16:21:14,783:INFO:Preloading libraries
